<?xml version="1.0" encoding="UTF-8"?>
<testng-results skipped="0" failed="0" ignored="7" total="10" passed="3">
  <reporter-output>
  </reporter-output>
  <suite name="Failed suite [Loan Department]" duration-ms="21" started-at="2019-01-23T17:38:14Z" finished-at="2019-01-23T17:38:14Z">
    <groups>
    </groups>
    <test name="All Test Case(failed)" duration-ms="21" started-at="2019-01-23T17:38:14Z" finished-at="2019-01-23T17:38:14Z">
      <class name="testNG.TestNG_2">
        <test-method status="PASS" signature="beforeClass()[pri:0, instance:testNG.TestNG_2@50f8360d]" name="beforeClass" is-config="true" duration-ms="1" started-at="2019-01-23T17:38:14Z" finished-at="2019-01-23T17:38:14Z">
          <reporter-output>
          </reporter-output>
        </test-method> <!-- beforeClass -->
        <test-method status="PASS" signature="personalLoan()[pri:0, instance:testNG.TestNG_2@50f8360d]" name="personalLoan" duration-ms="1" started-at="2019-01-23T17:38:14Z" finished-at="2019-01-23T17:38:14Z">
          <reporter-output>
          </reporter-output>
        </test-method> <!-- personalLoan -->
        <test-method status="PASS" signature="afterClass()[pri:0, instance:testNG.TestNG_2@50f8360d]" name="afterClass" is-config="true" duration-ms="1" started-at="2019-01-23T17:38:14Z" finished-at="2019-01-23T17:38:14Z">
          <reporter-output>
          </reporter-output>
        </test-method> <!-- afterClass -->
      </class> <!-- testNG.TestNG_2 -->
      <class name="testNG.TestNG_3">
        <test-method status="PASS" signature="beforeSuite()[pri:0, instance:testNG.TestNG_3@737996a0]" name="beforeSuite" is-config="true" duration-ms="14" started-at="2019-01-23T17:38:14Z" finished-at="2019-01-23T17:38:14Z">
          <reporter-output>
          </reporter-output>
        </test-method> <!-- beforeSuite -->
        <test-method status="PASS" signature="WebCarLoan()[pri:0, instance:testNG.TestNG_3@737996a0]" name="WebCarLoan" duration-ms="1" started-at="2019-01-23T17:38:14Z" finished-at="2019-01-23T17:38:14Z">
          <reporter-output>
          </reporter-output>
        </test-method> <!-- WebCarLoan -->
        <test-method status="PASS" signature="afterSuite()[pri:0, instance:testNG.TestNG_3@737996a0]" name="afterSuite" is-config="true" duration-ms="0" started-at="2019-01-23T17:38:14Z" finished-at="2019-01-23T17:38:14Z">
          <reporter-output>
          </reporter-output>
        </test-method> <!-- afterSuite -->
      </class> <!-- testNG.TestNG_3 -->
      <class name="testNG.TestNG">
        <test-method status="PASS" signature="prerequisite()[pri:0, instance:testNG.TestNG@61dc03ce]" name="prerequisite" is-config="true" duration-ms="0" started-at="2019-01-23T17:38:14Z" finished-at="2019-01-23T17:38:14Z">
          <reporter-output>
          </reporter-output>
        </test-method> <!-- prerequisite -->
        <test-method status="PASS" signature="beforeClass()[pri:0, instance:testNG.TestNG@61dc03ce]" name="beforeClass" is-config="true" duration-ms="0" started-at="2019-01-23T17:38:14Z" finished-at="2019-01-23T17:38:14Z">
          <reporter-output>
          </reporter-output>
        </test-method> <!-- beforeClass -->
        <test-method status="PASS" signature="beforeMethod()[pri:0, instance:testNG.TestNG@61dc03ce]" name="beforeMethod" is-config="true" duration-ms="0" started-at="2019-01-23T17:38:14Z" finished-at="2019-01-23T17:38:14Z">
          <reporter-output>
          </reporter-output>
        </test-method> <!-- beforeMethod -->
        <test-method status="PASS" signature="demo()[pri:0, instance:testNG.TestNG@61dc03ce]" name="demo" duration-ms="1" started-at="2019-01-23T17:38:14Z" finished-at="2019-01-23T17:38:14Z">
          <reporter-output>
          </reporter-output>
        </test-method> <!-- demo -->
        <test-method status="PASS" signature="afterMethod()[pri:0, instance:testNG.TestNG@61dc03ce]" name="afterMethod" is-config="true" duration-ms="0" started-at="2019-01-23T17:38:14Z" finished-at="2019-01-23T17:38:14Z">
          <reporter-output>
          </reporter-output>
        </test-method> <!-- afterMethod -->
        <test-method status="PASS" signature="afterClass()[pri:0, instance:testNG.TestNG@61dc03ce]" name="afterClass" is-config="true" duration-ms="0" started-at="2019-01-23T17:38:14Z" finished-at="2019-01-23T17:38:14Z">
          <reporter-output>
          </reporter-output>
        </test-method> <!-- afterClass -->
        <test-method status="PASS" signature="lastexecute()[pri:0, instance:testNG.TestNG@61dc03ce]" name="lastexecute" is-config="true" duration-ms="0" started-at="2019-01-23T17:38:14Z" finished-at="2019-01-23T17:38:14Z">
          <reporter-output>
          </reporter-output>
        </test-method> <!-- lastexecute -->
      </class> <!-- testNG.TestNG -->
    </test> <!-- All Test Case(failed) -->
  </suite> <!-- Failed suite [Loan Department] -->
</testng-results>
