<?xml version="1.0" encoding="UTF-8"?>
<!-- Generated by org.testng.reporters.JUnitXMLReporter -->
<testsuite hostname="DESKTOP-KVV1592" ignored="7" name="All Test Case(failed)" tests="3" failures="0" timestamp="23 Jan 2019 17:38:14 GMT" time="0.021" errors="0">
  <testcase name="personalLoan" time="0.001" classname="testNG.TestNG_2"/>
  <testcase name="demo" time="0.001" classname="testNG.TestNG"/>
  <testcase name="WebCarLoan" time="0.001" classname="testNG.TestNG_3"/>
  <testcase name="demo1" time="0.0" classname="testNG.TestNG">
    <ignored/>
  </testcase> <!-- demo1 -->
  <testcase name="APICarLoan" time="0.0" classname="testNG.TestNG_3">
    <ignored/>
  </testcase> <!-- APICarLoan -->
  <testcase name="MobileCarLoanLogin" time="0.0" classname="testNG.TestNG_3">
    <ignored/>
  </testcase> <!-- MobileCarLoanLogin -->
  <testcase name="Smokedemo1" time="0.0" classname="testNG.TestNG">
    <ignored/>
  </testcase> <!-- Smokedemo1 -->
  <testcase name="smokePersonalLoan" time="0.0" classname="testNG.TestNG_2">
    <ignored/>
  </testcase> <!-- smokePersonalLoan -->
  <testcase name="SmokeAPICarLoan" time="0.0" classname="testNG.TestNG_3">
    <ignored/>
  </testcase> <!-- SmokeAPICarLoan -->
  <testcase name="MobileCarLoan" time="0.0" classname="testNG.TestNG_3">
    <ignored/>
  </testcase> <!-- MobileCarLoan -->
</testsuite> <!-- All Test Case(failed) -->
