<?xml version="1.0" encoding="UTF-8"?>
<!-- Generated by org.testng.reporters.JUnitXMLReporter -->
<testsuite hostname="DESKTOP-KVV1592" ignored="0" name="Default test" tests="5" failures="0" timestamp="04 Jan 2019 12:42:35 GMT" time="0.071" errors="0">
  <testcase name="AccountOpening" time="0.019" classname="testNG.TestNG_5"/>
  <testcase name="AccountOpening" time="0.002" classname="testNG.TestNG_5"/>
  <testcase name="AccountOpening" time="0.002" classname="testNG.TestNG_5"/>
  <testcase name="AccountOpening" time="0.002" classname="testNG.TestNG_5"/>
  <testcase name="AccountOpening" time="0.002" classname="testNG.TestNG_5"/>
</testsuite> <!-- Default test -->
