<?xml version="1.0" encoding="UTF-8"?>
<!-- Generated by org.testng.reporters.JUnitXMLReporter -->
<testsuite hostname="DESKTOP-KVV1592" ignored="0" name="Banking Department" tests="3" failures="0" timestamp="04 Jan 2019 12:01:05 GMT" time="0.024" errors="0">
  <testcase name="AccountClosing" time="0.002" classname="testNG.TestNG_5"/>
  <testcase name="AccountOpening" time="0.007" classname="testNG.TestNG_5"/>
  <testcase name="CreditCard" time="0.002" classname="testNG.TestNG_5"/>
</testsuite> <!-- Banking Department -->
