<?xml version="1.0" encoding="UTF-8"?>
<!-- Generated by org.testng.reporters.JUnitXMLReporter -->
<testsuite hostname="shubham-PC" ignored="2" name="Bile Loan Department" tests="1" failures="0" timestamp="12 Jan 2018 09:13:22 GMT" time="0.04" errors="0">
  <testcase name="MobileBikeLoan" time="0.02" classname="testNG.TestNG_4"/>
  <testcase name="WebBikeLoan" time="0.0" classname="testNG.TestNG_4">
    <ignored/>
  </testcase> <!-- WebBikeLoan -->
  <testcase name="APIBikeLoan" time="0.0" classname="testNG.TestNG_4">
    <ignored/>
  </testcase> <!-- APIBikeLoan -->
</testsuite> <!-- Bile Loan Department -->
