<?xml version="1.0" encoding="UTF-8"?>
<!-- Generated by org.testng.reporters.JUnitXMLReporter -->
<testsuite hostname="DESKTOP-KVV1592" ignored="1" name="Car Loan Department" tests="3" failures="0" timestamp="14 Aug 2018 05:35:49 GMT" time="0.044" errors="0">
  <testcase name="APICarLoan" time="0.005" classname="testNG.TestNG_3"/>
  <testcase name="MobileCarLoanLogin" time="0.002" classname="testNG.TestNG_3"/>
  <testcase name="WebCarLoan" time="0.003" classname="testNG.TestNG_3"/>
  <testcase name="MobileCarLoan" time="0.0" classname="testNG.TestNG_3">
    <ignored/>
  </testcase> <!-- MobileCarLoan -->
</testsuite> <!-- Car Loan Department -->
