<?xml version="1.0" encoding="UTF-8"?>
<!-- Generated by org.testng.reporters.JUnitXMLReporter -->
<testsuite hostname="DESKTOP-KVV1592" ignored="1" name="Loan Department" tests="2" failures="0" timestamp="04 Jan 2019 12:01:05 GMT" time="0.051" errors="0">
  <testcase name="SmokeAPIBikeLoan" time="0.011" classname="testNG.TestNG_4"/>
  <testcase name="WebBikeLoan" time="0.01" classname="testNG.TestNG_4"/>
  <testcase name="MobileBikeLoan" time="0.0" classname="testNG.TestNG_4">
    <ignored/>
  </testcase> <!-- MobileBikeLoan -->
</testsuite> <!-- Loan Department -->
