<?xml version="1.0" encoding="UTF-8"?>
<!-- Generated by org.testng.reporters.JUnitXMLReporter -->
<testsuite hostname="DESKTOP-KVV1592" ignored="0" name="Personal Loan" tests="5" failures="1" timestamp="14 Aug 2018 06:46:13 GMT" time="0.074" errors="0">
  <testcase name="Smokedemo1" time="0.005" classname="testNG.TestNG"/>
  <testcase name="demo" time="0.004" classname="testNG.TestNG">
    <failure type="java.lang.AssertionError" message="expected [true] but found [false]">
      <![CDATA[java.lang.AssertionError: expected [true] but found [false]
at testNG.TestNG.demo(TestNG.java:55)
... Removed 29 stack frames]]>
    </failure>
  </testcase> <!-- demo -->
  <testcase name="demo1" time="0.003" classname="testNG.TestNG"/>
  <testcase name="personalLoan" time="0.003" classname="testNG.TestNG_2"/>
  <testcase name="smokePersonalLoan" time="0.002" classname="testNG.TestNG_2"/>
</testsuite> <!-- Personal Loan -->
