<?xml version="1.0" encoding="UTF-8"?>
<!-- Generated by org.testng.reporters.JUnitXMLReporter -->
<testsuite hostname="DESKTOP-KVV1592" ignored="1" name="Regular Expression" tests="2" failures="0" timestamp="03 Jan 2019 18:15:57 GMT" time="0.062" errors="0">
  <testcase name="SmokeAPIBikeLoan" time="0.017" classname="testNG.TestNG_4"/>
  <testcase name="WebBikeLoan" time="0.008" classname="testNG.TestNG_4"/>
  <testcase name="MobileBikeLoan" time="0.0" classname="testNG.TestNG_4">
    <ignored/>
  </testcase> <!-- MobileBikeLoan -->
</testsuite> <!-- Regular Expression -->
