<?xml version="1.0" encoding="UTF-8"?>
<!-- Generated by org.testng.reporters.JUnitXMLReporter -->
<testsuite hostname="DESKTOP-KVV1592" ignored="9" name="Smoke Test" tests="5" failures="0" timestamp="14 Aug 2018 05:45:40 GMT" time="0.062" errors="0">
  <testcase name="Smokedemo1" time="0.014" classname="testNG.TestNG"/>
  <testcase name="demo1" time="0.002" classname="testNG.TestNG"/>
  <testcase name="smokePersonalLoan" time="0.001" classname="testNG.TestNG_2"/>
  <testcase name="SmokeAPICarLoan" time="0.001" classname="testNG.TestNG_3"/>
  <testcase name="SmokeAPIBikeLoan" time="0.002" classname="testNG.TestNG_4"/>
  <testcase name="demo" time="0.0" classname="testNG.TestNG">
    <ignored/>
  </testcase> <!-- demo -->
  <testcase name="WebBikeLoan" time="0.0" classname="testNG.TestNG_4">
    <ignored/>
  </testcase> <!-- WebBikeLoan -->
  <testcase name="APICarLoan" time="0.0" classname="testNG.TestNG_3">
    <ignored/>
  </testcase> <!-- APICarLoan -->
  <testcase name="WebCarLoan" time="0.0" classname="testNG.TestNG_3">
    <ignored/>
  </testcase> <!-- WebCarLoan -->
  <testcase name="MobileCarLoanLogin" time="0.0" classname="testNG.TestNG_3">
    <ignored/>
  </testcase> <!-- MobileCarLoanLogin -->
  <testcase name="MobileBikeLoan" time="0.0" classname="testNG.TestNG_4">
    <ignored/>
  </testcase> <!-- MobileBikeLoan -->
  <testcase name="APIBikeLoan" time="0.0" classname="testNG.TestNG_4">
    <ignored/>
  </testcase> <!-- APIBikeLoan -->
  <testcase name="MobileCarLoan" time="0.0" classname="testNG.TestNG_3">
    <ignored/>
  </testcase> <!-- MobileCarLoan -->
  <testcase name="personalLoan" time="0.0" classname="testNG.TestNG_2">
    <ignored/>
  </testcase> <!-- personalLoan -->
</testsuite> <!-- Smoke Test -->
